<?xml version="1.0" encoding="UTF-8"?>
<!-- Generated by org.testng.reporters.JUnitReportReporter -->
<testsuite hostname="LAPTOP-IBVEUFH3" failures="0" tests="1" name="demo.Maven_Test" time="4.309" errors="0" timestamp="12 Feb 2021 08:01:06 GMT">
  <testcase classname="demo.Maven_Test" name="tc_01" time="4.309"/>
</testsuite> <!-- demo.Maven_Test -->
